<?xml version="1.0" encoding="UTF-8"?>
<!-- Generated by org.testng.reporters.JUnitXMLReporter -->
<testsuite hostname="USER-PC" ignored="0" name="Test" tests="6" failures="0" timestamp="28 Jul 2019 16:17:02 GMT" time="0.089" errors="0">
  <testcase name="Slogin" time="0.022" classname="qaclickacademy.SeleniumTest"/>
  <testcase name="Stest" time="0.001" classname="qaclickacademy.SeleniumTest"/>
  <testcase name="Wtest" time="0.002" classname="qaclickacademy.RESTAPITest"/>
  <testcase name="login" time="0.002" classname="qaclickacademy.RESTAPITest"/>
  <testcase name="Alogin" time="0.001" classname="qaclickacademy.AppiumTest"/>
  <testcase name="Atest" time="0.002" classname="qaclickacademy.AppiumTest"/>
</testsuite> <!-- Test -->
