<?xml version="1.0" encoding="UTF-8"?>
<!-- Generated by org.testng.reporters.JUnitXMLReporter -->
<testsuite hostname="USER-PC" name="Test" tests="6" failures="0" timestamp="28 Jul 2019 16:39:43 GMT" time="0.036" errors="0">
  <testcase name="Slogin" time="0.01" classname="qaclickacademy.SeleniumTest"/>
  <testcase name="Stest" time="0.0" classname="qaclickacademy.SeleniumTest"/>
  <testcase name="Wtest" time="0.001" classname="qaclickacademy.RESTAPITest"/>
  <testcase name="login" time="0.0" classname="qaclickacademy.RESTAPITest"/>
  <testcase name="Alogin" time="0.001" classname="qaclickacademy.AppiumTest"/>
  <testcase name="Atest" time="0.0" classname="qaclickacademy.AppiumTest"/>
</testsuite> <!-- Test -->
