<?xml version="1.0" encoding="UTF-8"?>
<testng-results skipped="0" failed="0" ignored="0" total="6" passed="6">
  <reporter-output>
  </reporter-output>
  <suite name="Suite" duration-ms="89" started-at="2019-07-28T16:17:02Z" finished-at="2019-07-28T16:17:02Z">
    <groups>
    </groups>
    <test name="Test" duration-ms="89" started-at="2019-07-28T16:17:02Z" finished-at="2019-07-28T16:17:02Z">
      <class name="qaclickacademy.AppiumTest">
        <test-method status="PASS" signature="Alogin()[pri:0, instance:qaclickacademy.AppiumTest@7085bdee]" name="Alogin" duration-ms="1" started-at="2019-07-28T16:17:02Z" finished-at="2019-07-28T16:17:02Z">
          <reporter-output>
          </reporter-output>
        </test-method> <!-- Alogin -->
        <test-method status="PASS" signature="Atest()[pri:0, instance:qaclickacademy.AppiumTest@7085bdee]" name="Atest" duration-ms="2" started-at="2019-07-28T16:17:02Z" finished-at="2019-07-28T16:17:02Z">
          <reporter-output>
          </reporter-output>
        </test-method> <!-- Atest -->
      </class> <!-- qaclickacademy.AppiumTest -->
      <class name="qaclickacademy.RESTAPITest">
        <test-method status="PASS" signature="Wtest()[pri:0, instance:qaclickacademy.RESTAPITest@73ad2d6]" name="Wtest" duration-ms="2" started-at="2019-07-28T16:17:02Z" finished-at="2019-07-28T16:17:02Z">
          <reporter-output>
          </reporter-output>
        </test-method> <!-- Wtest -->
        <test-method status="PASS" signature="login()[pri:0, instance:qaclickacademy.RESTAPITest@73ad2d6]" name="login" duration-ms="2" started-at="2019-07-28T16:17:02Z" finished-at="2019-07-28T16:17:02Z">
          <reporter-output>
          </reporter-output>
        </test-method> <!-- login -->
      </class> <!-- qaclickacademy.RESTAPITest -->
      <class name="qaclickacademy.SeleniumTest">
        <test-method status="PASS" signature="Slogin()[pri:0, instance:qaclickacademy.SeleniumTest@3fee9989]" name="Slogin" duration-ms="22" started-at="2019-07-28T16:17:02Z" finished-at="2019-07-28T16:17:02Z">
          <reporter-output>
          </reporter-output>
        </test-method> <!-- Slogin -->
        <test-method status="PASS" signature="Stest()[pri:0, instance:qaclickacademy.SeleniumTest@3fee9989]" name="Stest" duration-ms="1" started-at="2019-07-28T16:17:02Z" finished-at="2019-07-28T16:17:02Z">
          <reporter-output>
          </reporter-output>
        </test-method> <!-- Stest -->
      </class> <!-- qaclickacademy.SeleniumTest -->
    </test> <!-- Test -->
  </suite> <!-- Suite -->
</testng-results>
